<?xml version="1.0" encoding="UTF-8"?>
<testsuite name="org.fife.emu.UtilTest" tests="2" skipped="0" failures="0" errors="0" timestamp="2016-11-06T15:50:25" hostname="luda" time="0.003">
  <properties/>
  <testcase name="testGetHexStringUByte" classname="org.fife.emu.UtilTest" time="0.003"/>
  <testcase name="testGetHexStringUWord" classname="org.fife.emu.UtilTest" time="0.0"/>
  <system-out><![CDATA[]]></system-out>
  <system-err><![CDATA[]]></system-err>
</testsuite>
